The system is: Linux - 5.3.11-arch1-1 - x86_64
Compiling the CXX compiler identification source file "CMakeCXXCompilerId.cpp" succeeded.
Compiler: /usr/bin/c++ 
Build flags: 
Id flags:  

The output was:
0


Compilation of the CXX compiler identification source "CMakeCXXCompilerId.cpp" produced "a.out"

The CXX compiler identification is GNU, found in "/home/ghal/git/DATX05/pstclassifierseqan/src/build/debug/CMakeFiles/3.15.3/CompilerIdCXX/a.out"

Determining if the CXX compiler works passed with the following output:
Change Dir: /home/ghal/git/DATX05/pstclassifierseqan/src/build/debug/CMakeFiles/CMakeTmp

Run Build Command(s):/usr/bin/make cmTC_f7683/fast && /usr/bin/make -f CMakeFiles/cmTC_f7683.dir/build.make CMakeFiles/cmTC_f7683.dir/build
make[1]: Entering directory '/home/ghal/git/DATX05/pstclassifierseqan/src/build/debug/CMakeFiles/CMakeTmp'
Building CXX object CMakeFiles/cmTC_f7683.dir/testCXXCompiler.cxx.o
/usr/bin/c++     -o CMakeFiles/cmTC_f7683.dir/testCXXCompiler.cxx.o -c /home/ghal/git/DATX05/pstclassifierseqan/src/build/debug/CMakeFiles/CMakeTmp/testCXXCompiler.cxx
Linking CXX executable cmTC_f7683
/opt/clion/bin/cmake/linux/bin/cmake -E cmake_link_script CMakeFiles/cmTC_f7683.dir/link.txt --verbose=1
/usr/bin/c++       CMakeFiles/cmTC_f7683.dir/testCXXCompiler.cxx.o  -o cmTC_f7683 
make[1]: Leaving directory '/home/ghal/git/DATX05/pstclassifierseqan/src/build/debug/CMakeFiles/CMakeTmp'



Detecting CXX compiler ABI info compiled with the following output:
Change Dir: /home/ghal/git/DATX05/pstclassifierseqan/src/build/debug/CMakeFiles/CMakeTmp

Run Build Command(s):/usr/bin/make cmTC_1bda9/fast && /usr/bin/make -f CMakeFiles/cmTC_1bda9.dir/build.make CMakeFiles/cmTC_1bda9.dir/build
make[1]: Entering directory '/home/ghal/git/DATX05/pstclassifierseqan/src/build/debug/CMakeFiles/CMakeTmp'
Building CXX object CMakeFiles/cmTC_1bda9.dir/CMakeCXXCompilerABI.cpp.o
/usr/bin/c++    -v -o CMakeFiles/cmTC_1bda9.dir/CMakeCXXCompilerABI.cpp.o -c /opt/clion/bin/cmake/linux/share/cmake-3.15/Modules/CMakeCXXCompilerABI.cpp
Using built-in specs.
COLLECT_GCC=/usr/bin/c++
Target: x86_64-pc-linux-gnu
Configured with: /build/gcc/src/gcc/configure --prefix=/usr --libdir=/usr/lib --libexecdir=/usr/lib --mandir=/usr/share/man --infodir=/usr/share/info --with-bugurl=https://bugs.archlinux.org/ --enable-languages=c,c++,ada,fortran,go,lto,objc,obj-c++,d --enable-shared --enable-threads=posix --with-system-zlib --with-isl --enable-__cxa_atexit --disable-libunwind-exceptions --enable-clocale=gnu --disable-libstdcxx-pch --disable-libssp --enable-gnu-unique-object --enable-linker-build-id --enable-lto --enable-plugin --enable-install-libiberty --with-linker-hash-style=gnu --enable-gnu-indirect-function --enable-multilib --disable-werror --enable-checking=release --enable-default-pie --enable-default-ssp --enable-cet=auto gdc_include_dir=/usr/include/dlang/gdc
Thread model: posix
gcc version 9.2.0 (GCC) 
COLLECT_GCC_OPTIONS='-v' '-o' 'CMakeFiles/cmTC_1bda9.dir/CMakeCXXCompilerABI.cpp.o' '-c' '-shared-libgcc' '-mtune=generic' '-march=x86-64'
 /usr/lib/gcc/x86_64-pc-linux-gnu/9.2.0/cc1plus -quiet -v -D_GNU_SOURCE /opt/clion/bin/cmake/linux/share/cmake-3.15/Modules/CMakeCXXCompilerABI.cpp -quiet -dumpbase CMakeCXXCompilerABI.cpp -mtune=generic -march=x86-64 -auxbase-strip CMakeFiles/cmTC_1bda9.dir/CMakeCXXCompilerABI.cpp.o -version -o /tmp/ccQwJZIG.s
GNU C++14 (GCC) version 9.2.0 (x86_64-pc-linux-gnu)
	compiled by GNU C version 9.2.0, GMP version 6.1.2, MPFR version 4.0.2, MPC version 1.1.0, isl version isl-0.21-GMP

GGC heuristics: --param ggc-min-expand=100 --param ggc-min-heapsize=131072
ignoring nonexistent directory "/usr/lib/gcc/x86_64-pc-linux-gnu/9.2.0/../../../../x86_64-pc-linux-gnu/include"
ignoring nonexistent directory "SUBSTITUTE_INSTALL_DIR_HERE/include"
#include "..." search starts here:
#include <...> search starts here:
 /opt/intel/compilers_and_libraries_2019.5.281/linux/ipp/include
 /opt/intel/compilers_and_libraries_2019.5.281/linux/mkl/include
 /opt/intel/compilers_and_libraries_2019.5.281/linux/tbb/include
 /usr/lib/gcc/x86_64-pc-linux-gnu/9.2.0/../../../../include/c++/9.2.0
 /usr/lib/gcc/x86_64-pc-linux-gnu/9.2.0/../../../../include/c++/9.2.0/x86_64-pc-linux-gnu
 /usr/lib/gcc/x86_64-pc-linux-gnu/9.2.0/../../../../include/c++/9.2.0/backward
 /usr/lib/gcc/x86_64-pc-linux-gnu/9.2.0/include
 /usr/local/include
 /usr/lib/gcc/x86_64-pc-linux-gnu/9.2.0/include-fixed
 /usr/include
End of search list.
GNU C++14 (GCC) version 9.2.0 (x86_64-pc-linux-gnu)
	compiled by GNU C version 9.2.0, GMP version 6.1.2, MPFR version 4.0.2, MPC version 1.1.0, isl version isl-0.21-GMP

GGC heuristics: --param ggc-min-expand=100 --param ggc-min-heapsize=131072
Compiler executable checksum: e70628160ff7c7e477f7d9570e6637cb
COLLECT_GCC_OPTIONS='-v' '-o' 'CMakeFiles/cmTC_1bda9.dir/CMakeCXXCompilerABI.cpp.o' '-c' '-shared-libgcc' '-mtune=generic' '-march=x86-64'
 as -v --64 -o CMakeFiles/cmTC_1bda9.dir/CMakeCXXCompilerABI.cpp.o /tmp/ccQwJZIG.s
GNU assembler version 2.33.1 (x86_64-pc-linux-gnu) using BFD version (GNU Binutils) 2.33.1
COMPILER_PATH=/usr/lib/gcc/x86_64-pc-linux-gnu/9.2.0/:/usr/lib/gcc/x86_64-pc-linux-gnu/9.2.0/:/usr/lib/gcc/x86_64-pc-linux-gnu/:/usr/lib/gcc/x86_64-pc-linux-gnu/9.2.0/:/usr/lib/gcc/x86_64-pc-linux-gnu/
LIBRARY_PATH=/opt/intel/compilers_and_libraries_2019.5.281/linux/mpi/intel64/libfabric/lib/../lib/:/usr/lib/gcc/x86_64-pc-linux-gnu/9.2.0/:/usr/lib/gcc/x86_64-pc-linux-gnu/9.2.0/../../../../lib/:/lib/../lib/:/usr/lib/../lib/:/opt/intel/compilers_and_libraries_2019.5.281/linux/mpi/intel64/libfabric/lib/:/opt/intel/compilers_and_libraries_2019.5.281/linux/ipp/lib/intel64/:/opt/intel/compilers_and_libraries_2019.5.281/linux/compiler/lib/intel64_lin/:/opt/intel/compilers_and_libraries_2019.5.281/linux/mkl/lib/intel64_lin/:/opt/intel/compilers_and_libraries_2019.5.281/linux/tbb/lib/intel64/gcc4.7/:/usr/lib/gcc/x86_64-pc-linux-gnu/9.2.0/../../../:/lib/:/usr/lib/
COLLECT_GCC_OPTIONS='-v' '-o' 'CMakeFiles/cmTC_1bda9.dir/CMakeCXXCompilerABI.cpp.o' '-c' '-shared-libgcc' '-mtune=generic' '-march=x86-64'
Linking CXX executable cmTC_1bda9
/opt/clion/bin/cmake/linux/bin/cmake -E cmake_link_script CMakeFiles/cmTC_1bda9.dir/link.txt --verbose=1
/usr/bin/c++      -v CMakeFiles/cmTC_1bda9.dir/CMakeCXXCompilerABI.cpp.o  -o cmTC_1bda9 
Using built-in specs.
COLLECT_GCC=/usr/bin/c++
COLLECT_LTO_WRAPPER=/usr/lib/gcc/x86_64-pc-linux-gnu/9.2.0/lto-wrapper
Target: x86_64-pc-linux-gnu
Configured with: /build/gcc/src/gcc/configure --prefix=/usr --libdir=/usr/lib --libexecdir=/usr/lib --mandir=/usr/share/man --infodir=/usr/share/info --with-bugurl=https://bugs.archlinux.org/ --enable-languages=c,c++,ada,fortran,go,lto,objc,obj-c++,d --enable-shared --enable-threads=posix --with-system-zlib --with-isl --enable-__cxa_atexit --disable-libunwind-exceptions --enable-clocale=gnu --disable-libstdcxx-pch --disable-libssp --enable-gnu-unique-object --enable-linker-build-id --enable-lto --enable-plugin --enable-install-libiberty --with-linker-hash-style=gnu --enable-gnu-indirect-function --enable-multilib --disable-werror --enable-checking=release --enable-default-pie --enable-default-ssp --enable-cet=auto gdc_include_dir=/usr/include/dlang/gdc
Thread model: posix
gcc version 9.2.0 (GCC) 
COMPILER_PATH=/usr/lib/gcc/x86_64-pc-linux-gnu/9.2.0/:/usr/lib/gcc/x86_64-pc-linux-gnu/9.2.0/:/usr/lib/gcc/x86_64-pc-linux-gnu/:/usr/lib/gcc/x86_64-pc-linux-gnu/9.2.0/:/usr/lib/gcc/x86_64-pc-linux-gnu/
LIBRARY_PATH=/opt/intel/compilers_and_libraries_2019.5.281/linux/mpi/intel64/libfabric/lib/../lib/:/usr/lib/gcc/x86_64-pc-linux-gnu/9.2.0/:/usr/lib/gcc/x86_64-pc-linux-gnu/9.2.0/../../../../lib/:/lib/../lib/:/usr/lib/../lib/:/opt/intel/compilers_and_libraries_2019.5.281/linux/mpi/intel64/libfabric/lib/:/opt/intel/compilers_and_libraries_2019.5.281/linux/ipp/lib/intel64/:/opt/intel/compilers_and_libraries_2019.5.281/linux/compiler/lib/intel64_lin/:/opt/intel/compilers_and_libraries_2019.5.281/linux/mkl/lib/intel64_lin/:/opt/intel/compilers_and_libraries_2019.5.281/linux/tbb/lib/intel64/gcc4.7/:/usr/lib/gcc/x86_64-pc-linux-gnu/9.2.0/../../../:/lib/:/usr/lib/
COLLECT_GCC_OPTIONS='-v' '-o' 'cmTC_1bda9' '-shared-libgcc' '-mtune=generic' '-march=x86-64'
 /usr/lib/gcc/x86_64-pc-linux-gnu/9.2.0/collect2 -plugin /usr/lib/gcc/x86_64-pc-linux-gnu/9.2.0/liblto_plugin.so -plugin-opt=/usr/lib/gcc/x86_64-pc-linux-gnu/9.2.0/lto-wrapper -plugin-opt=-fresolution=/tmp/ccAFYEPY.res -plugin-opt=-pass-through=-lgcc_s -plugin-opt=-pass-through=-lgcc -plugin-opt=-pass-through=-lc -plugin-opt=-pass-through=-lgcc_s -plugin-opt=-pass-through=-lgcc --build-id --eh-frame-hdr --hash-style=gnu -m elf_x86_64 -dynamic-linker /lib64/ld-linux-x86-64.so.2 -pie -o cmTC_1bda9 /usr/lib/gcc/x86_64-pc-linux-gnu/9.2.0/../../../../lib/Scrt1.o /usr/lib/gcc/x86_64-pc-linux-gnu/9.2.0/../../../../lib/crti.o /usr/lib/gcc/x86_64-pc-linux-gnu/9.2.0/crtbeginS.o -L/opt/intel/compilers_and_libraries_2019.5.281/linux/mpi/intel64/libfabric/lib/../lib -L/usr/lib/gcc/x86_64-pc-linux-gnu/9.2.0 -L/usr/lib/gcc/x86_64-pc-linux-gnu/9.2.0/../../../../lib -L/lib/../lib -L/usr/lib/../lib -L/opt/intel/compilers_and_libraries_2019.5.281/linux/mpi/intel64/libfabric/lib -L/opt/intel/compilers_and_libraries_2019.5.281/linux/ipp/lib/intel64 -L/opt/intel/compilers_and_libraries_2019.5.281/linux/compiler/lib/intel64_lin -L/opt/intel/compilers_and_libraries_2019.5.281/linux/mkl/lib/intel64_lin -L/opt/intel/compilers_and_libraries_2019.5.281/linux/tbb/lib/intel64/gcc4.7 -L/usr/lib/gcc/x86_64-pc-linux-gnu/9.2.0/../../.. CMakeFiles/cmTC_1bda9.dir/CMakeCXXCompilerABI.cpp.o -lstdc++ -lm -lgcc_s -lgcc -lc -lgcc_s -lgcc /usr/lib/gcc/x86_64-pc-linux-gnu/9.2.0/crtendS.o /usr/lib/gcc/x86_64-pc-linux-gnu/9.2.0/../../../../lib/crtn.o
COLLECT_GCC_OPTIONS='-v' '-o' 'cmTC_1bda9' '-shared-libgcc' '-mtune=generic' '-march=x86-64'
make[1]: Leaving directory '/home/ghal/git/DATX05/pstclassifierseqan/src/build/debug/CMakeFiles/CMakeTmp'



Parsed CXX implicit include dir info from above output: rv=done
  found start of include info
  found start of implicit include info
    add: [/opt/intel/compilers_and_libraries_2019.5.281/linux/ipp/include]
    add: [/opt/intel/compilers_and_libraries_2019.5.281/linux/mkl/include]
    add: [/opt/intel/compilers_and_libraries_2019.5.281/linux/tbb/include]
    add: [/usr/lib/gcc/x86_64-pc-linux-gnu/9.2.0/../../../../include/c++/9.2.0]
    add: [/usr/lib/gcc/x86_64-pc-linux-gnu/9.2.0/../../../../include/c++/9.2.0/x86_64-pc-linux-gnu]
    add: [/usr/lib/gcc/x86_64-pc-linux-gnu/9.2.0/../../../../include/c++/9.2.0/backward]
    add: [/usr/lib/gcc/x86_64-pc-linux-gnu/9.2.0/include]
    add: [/usr/local/include]
    add: [/usr/lib/gcc/x86_64-pc-linux-gnu/9.2.0/include-fixed]
    add: [/usr/include]
  end of search list found
  collapse include dir [/opt/intel/compilers_and_libraries_2019.5.281/linux/ipp/include] ==> [/opt/intel/compilers_and_libraries_2019.5.281/linux/ipp/include]
  collapse include dir [/opt/intel/compilers_and_libraries_2019.5.281/linux/mkl/include] ==> [/opt/intel/compilers_and_libraries_2019.5.281/linux/mkl/include]
  collapse include dir [/opt/intel/compilers_and_libraries_2019.5.281/linux/tbb/include] ==> [/opt/intel/compilers_and_libraries_2019.5.281/linux/tbb/include]
  collapse include dir [/usr/lib/gcc/x86_64-pc-linux-gnu/9.2.0/../../../../include/c++/9.2.0] ==> [/usr/include/c++/9.2.0]
  collapse include dir [/usr/lib/gcc/x86_64-pc-linux-gnu/9.2.0/../../../../include/c++/9.2.0/x86_64-pc-linux-gnu] ==> [/usr/include/c++/9.2.0/x86_64-pc-linux-gnu]
  collapse include dir [/usr/lib/gcc/x86_64-pc-linux-gnu/9.2.0/../../../../include/c++/9.2.0/backward] ==> [/usr/include/c++/9.2.0/backward]
  collapse include dir [/usr/lib/gcc/x86_64-pc-linux-gnu/9.2.0/include] ==> [/usr/lib/gcc/x86_64-pc-linux-gnu/9.2.0/include]
  collapse include dir [/usr/local/include] ==> [/usr/local/include]
  collapse include dir [/usr/lib/gcc/x86_64-pc-linux-gnu/9.2.0/include-fixed] ==> [/usr/lib/gcc/x86_64-pc-linux-gnu/9.2.0/include-fixed]
  collapse include dir [/usr/include] ==> [/usr/include]
  implicit include dirs: [/opt/intel/compilers_and_libraries_2019.5.281/linux/ipp/include;/opt/intel/compilers_and_libraries_2019.5.281/linux/mkl/include;/opt/intel/compilers_and_libraries_2019.5.281/linux/tbb/include;/usr/include/c++/9.2.0;/usr/include/c++/9.2.0/x86_64-pc-linux-gnu;/usr/include/c++/9.2.0/backward;/usr/lib/gcc/x86_64-pc-linux-gnu/9.2.0/include;/usr/local/include;/usr/lib/gcc/x86_64-pc-linux-gnu/9.2.0/include-fixed;/usr/include]


Parsed CXX implicit link information from above output:
  link line regex: [^( *|.*[/\])(ld|CMAKE_LINK_STARTFILE-NOTFOUND|([^/\]+-)?ld|collect2)[^/\]*( |$)]
  ignore line: [Change Dir: /home/ghal/git/DATX05/pstclassifierseqan/src/build/debug/CMakeFiles/CMakeTmp]
  ignore line: []
  ignore line: [Run Build Command(s):/usr/bin/make cmTC_1bda9/fast && /usr/bin/make -f CMakeFiles/cmTC_1bda9.dir/build.make CMakeFiles/cmTC_1bda9.dir/build]
  ignore line: [make[1]: Entering directory '/home/ghal/git/DATX05/pstclassifierseqan/src/build/debug/CMakeFiles/CMakeTmp']
  ignore line: [Building CXX object CMakeFiles/cmTC_1bda9.dir/CMakeCXXCompilerABI.cpp.o]
  ignore line: [/usr/bin/c++    -v -o CMakeFiles/cmTC_1bda9.dir/CMakeCXXCompilerABI.cpp.o -c /opt/clion/bin/cmake/linux/share/cmake-3.15/Modules/CMakeCXXCompilerABI.cpp]
  ignore line: [Using built-in specs.]
  ignore line: [COLLECT_GCC=/usr/bin/c++]
  ignore line: [Target: x86_64-pc-linux-gnu]
  ignore line: [Configured with: /build/gcc/src/gcc/configure --prefix=/usr --libdir=/usr/lib --libexecdir=/usr/lib --mandir=/usr/share/man --infodir=/usr/share/info --with-bugurl=https://bugs.archlinux.org/ --enable-languages=c,c++,ada,fortran,go,lto,objc,obj-c++,d --enable-shared --enable-threads=posix --with-system-zlib --with-isl --enable-__cxa_atexit --disable-libunwind-exceptions --enable-clocale=gnu --disable-libstdcxx-pch --disable-libssp --enable-gnu-unique-object --enable-linker-build-id --enable-lto --enable-plugin --enable-install-libiberty --with-linker-hash-style=gnu --enable-gnu-indirect-function --enable-multilib --disable-werror --enable-checking=release --enable-default-pie --enable-default-ssp --enable-cet=auto gdc_include_dir=/usr/include/dlang/gdc]
  ignore line: [Thread model: posix]
  ignore line: [gcc version 9.2.0 (GCC) ]
  ignore line: [COLLECT_GCC_OPTIONS='-v' '-o' 'CMakeFiles/cmTC_1bda9.dir/CMakeCXXCompilerABI.cpp.o' '-c' '-shared-libgcc' '-mtune=generic' '-march=x86-64']
  ignore line: [ /usr/lib/gcc/x86_64-pc-linux-gnu/9.2.0/cc1plus -quiet -v -D_GNU_SOURCE /opt/clion/bin/cmake/linux/share/cmake-3.15/Modules/CMakeCXXCompilerABI.cpp -quiet -dumpbase CMakeCXXCompilerABI.cpp -mtune=generic -march=x86-64 -auxbase-strip CMakeFiles/cmTC_1bda9.dir/CMakeCXXCompilerABI.cpp.o -version -o /tmp/ccQwJZIG.s]
  ignore line: [GNU C++14 (GCC) version 9.2.0 (x86_64-pc-linux-gnu)]
  ignore line: [	compiled by GNU C version 9.2.0, GMP version 6.1.2, MPFR version 4.0.2, MPC version 1.1.0, isl version isl-0.21-GMP]
  ignore line: []
  ignore line: [GGC heuristics: --param ggc-min-expand=100 --param ggc-min-heapsize=131072]
  ignore line: [ignoring nonexistent directory "/usr/lib/gcc/x86_64-pc-linux-gnu/9.2.0/../../../../x86_64-pc-linux-gnu/include"]
  ignore line: [ignoring nonexistent directory "SUBSTITUTE_INSTALL_DIR_HERE/include"]
  ignore line: [#include "..." search starts here:]
  ignore line: [#include <...> search starts here:]
  ignore line: [ /opt/intel/compilers_and_libraries_2019.5.281/linux/ipp/include]
  ignore line: [ /opt/intel/compilers_and_libraries_2019.5.281/linux/mkl/include]
  ignore line: [ /opt/intel/compilers_and_libraries_2019.5.281/linux/tbb/include]
  ignore line: [ /usr/lib/gcc/x86_64-pc-linux-gnu/9.2.0/../../../../include/c++/9.2.0]
  ignore line: [ /usr/lib/gcc/x86_64-pc-linux-gnu/9.2.0/../../../../include/c++/9.2.0/x86_64-pc-linux-gnu]
  ignore line: [ /usr/lib/gcc/x86_64-pc-linux-gnu/9.2.0/../../../../include/c++/9.2.0/backward]
  ignore line: [ /usr/lib/gcc/x86_64-pc-linux-gnu/9.2.0/include]
  ignore line: [ /usr/local/include]
  ignore line: [ /usr/lib/gcc/x86_64-pc-linux-gnu/9.2.0/include-fixed]
  ignore line: [ /usr/include]
  ignore line: [End of search list.]
  ignore line: [GNU C++14 (GCC) version 9.2.0 (x86_64-pc-linux-gnu)]
  ignore line: [	compiled by GNU C version 9.2.0, GMP version 6.1.2, MPFR version 4.0.2, MPC version 1.1.0, isl version isl-0.21-GMP]
  ignore line: []
  ignore line: [GGC heuristics: --param ggc-min-expand=100 --param ggc-min-heapsize=131072]
  ignore line: [Compiler executable checksum: e70628160ff7c7e477f7d9570e6637cb]
  ignore line: [COLLECT_GCC_OPTIONS='-v' '-o' 'CMakeFiles/cmTC_1bda9.dir/CMakeCXXCompilerABI.cpp.o' '-c' '-shared-libgcc' '-mtune=generic' '-march=x86-64']
  ignore line: [ as -v --64 -o CMakeFiles/cmTC_1bda9.dir/CMakeCXXCompilerABI.cpp.o /tmp/ccQwJZIG.s]
  ignore line: [GNU assembler version 2.33.1 (x86_64-pc-linux-gnu) using BFD version (GNU Binutils) 2.33.1]
  ignore line: [COMPILER_PATH=/usr/lib/gcc/x86_64-pc-linux-gnu/9.2.0/:/usr/lib/gcc/x86_64-pc-linux-gnu/9.2.0/:/usr/lib/gcc/x86_64-pc-linux-gnu/:/usr/lib/gcc/x86_64-pc-linux-gnu/9.2.0/:/usr/lib/gcc/x86_64-pc-linux-gnu/]
  ignore line: [LIBRARY_PATH=/opt/intel/compilers_and_libraries_2019.5.281/linux/mpi/intel64/libfabric/lib/../lib/:/usr/lib/gcc/x86_64-pc-linux-gnu/9.2.0/:/usr/lib/gcc/x86_64-pc-linux-gnu/9.2.0/../../../../lib/:/lib/../lib/:/usr/lib/../lib/:/opt/intel/compilers_and_libraries_2019.5.281/linux/mpi/intel64/libfabric/lib/:/opt/intel/compilers_and_libraries_2019.5.281/linux/ipp/lib/intel64/:/opt/intel/compilers_and_libraries_2019.5.281/linux/compiler/lib/intel64_lin/:/opt/intel/compilers_and_libraries_2019.5.281/linux/mkl/lib/intel64_lin/:/opt/intel/compilers_and_libraries_2019.5.281/linux/tbb/lib/intel64/gcc4.7/:/usr/lib/gcc/x86_64-pc-linux-gnu/9.2.0/../../../:/lib/:/usr/lib/]
  ignore line: [COLLECT_GCC_OPTIONS='-v' '-o' 'CMakeFiles/cmTC_1bda9.dir/CMakeCXXCompilerABI.cpp.o' '-c' '-shared-libgcc' '-mtune=generic' '-march=x86-64']
  ignore line: [Linking CXX executable cmTC_1bda9]
  ignore line: [/opt/clion/bin/cmake/linux/bin/cmake -E cmake_link_script CMakeFiles/cmTC_1bda9.dir/link.txt --verbose=1]
  ignore line: [/usr/bin/c++      -v CMakeFiles/cmTC_1bda9.dir/CMakeCXXCompilerABI.cpp.o  -o cmTC_1bda9 ]
  ignore line: [Using built-in specs.]
  ignore line: [COLLECT_GCC=/usr/bin/c++]
  ignore line: [COLLECT_LTO_WRAPPER=/usr/lib/gcc/x86_64-pc-linux-gnu/9.2.0/lto-wrapper]
  ignore line: [Target: x86_64-pc-linux-gnu]
  ignore line: [Configured with: /build/gcc/src/gcc/configure --prefix=/usr --libdir=/usr/lib --libexecdir=/usr/lib --mandir=/usr/share/man --infodir=/usr/share/info --with-bugurl=https://bugs.archlinux.org/ --enable-languages=c,c++,ada,fortran,go,lto,objc,obj-c++,d --enable-shared --enable-threads=posix --with-system-zlib --with-isl --enable-__cxa_atexit --disable-libunwind-exceptions --enable-clocale=gnu --disable-libstdcxx-pch --disable-libssp --enable-gnu-unique-object --enable-linker-build-id --enable-lto --enable-plugin --enable-install-libiberty --with-linker-hash-style=gnu --enable-gnu-indirect-function --enable-multilib --disable-werror --enable-checking=release --enable-default-pie --enable-default-ssp --enable-cet=auto gdc_include_dir=/usr/include/dlang/gdc]
  ignore line: [Thread model: posix]
  ignore line: [gcc version 9.2.0 (GCC) ]
  ignore line: [COMPILER_PATH=/usr/lib/gcc/x86_64-pc-linux-gnu/9.2.0/:/usr/lib/gcc/x86_64-pc-linux-gnu/9.2.0/:/usr/lib/gcc/x86_64-pc-linux-gnu/:/usr/lib/gcc/x86_64-pc-linux-gnu/9.2.0/:/usr/lib/gcc/x86_64-pc-linux-gnu/]
  ignore line: [LIBRARY_PATH=/opt/intel/compilers_and_libraries_2019.5.281/linux/mpi/intel64/libfabric/lib/../lib/:/usr/lib/gcc/x86_64-pc-linux-gnu/9.2.0/:/usr/lib/gcc/x86_64-pc-linux-gnu/9.2.0/../../../../lib/:/lib/../lib/:/usr/lib/../lib/:/opt/intel/compilers_and_libraries_2019.5.281/linux/mpi/intel64/libfabric/lib/:/opt/intel/compilers_and_libraries_2019.5.281/linux/ipp/lib/intel64/:/opt/intel/compilers_and_libraries_2019.5.281/linux/compiler/lib/intel64_lin/:/opt/intel/compilers_and_libraries_2019.5.281/linux/mkl/lib/intel64_lin/:/opt/intel/compilers_and_libraries_2019.5.281/linux/tbb/lib/intel64/gcc4.7/:/usr/lib/gcc/x86_64-pc-linux-gnu/9.2.0/../../../:/lib/:/usr/lib/]
  ignore line: [COLLECT_GCC_OPTIONS='-v' '-o' 'cmTC_1bda9' '-shared-libgcc' '-mtune=generic' '-march=x86-64']
  link line: [ /usr/lib/gcc/x86_64-pc-linux-gnu/9.2.0/collect2 -plugin /usr/lib/gcc/x86_64-pc-linux-gnu/9.2.0/liblto_plugin.so -plugin-opt=/usr/lib/gcc/x86_64-pc-linux-gnu/9.2.0/lto-wrapper -plugin-opt=-fresolution=/tmp/ccAFYEPY.res -plugin-opt=-pass-through=-lgcc_s -plugin-opt=-pass-through=-lgcc -plugin-opt=-pass-through=-lc -plugin-opt=-pass-through=-lgcc_s -plugin-opt=-pass-through=-lgcc --build-id --eh-frame-hdr --hash-style=gnu -m elf_x86_64 -dynamic-linker /lib64/ld-linux-x86-64.so.2 -pie -o cmTC_1bda9 /usr/lib/gcc/x86_64-pc-linux-gnu/9.2.0/../../../../lib/Scrt1.o /usr/lib/gcc/x86_64-pc-linux-gnu/9.2.0/../../../../lib/crti.o /usr/lib/gcc/x86_64-pc-linux-gnu/9.2.0/crtbeginS.o -L/opt/intel/compilers_and_libraries_2019.5.281/linux/mpi/intel64/libfabric/lib/../lib -L/usr/lib/gcc/x86_64-pc-linux-gnu/9.2.0 -L/usr/lib/gcc/x86_64-pc-linux-gnu/9.2.0/../../../../lib -L/lib/../lib -L/usr/lib/../lib -L/opt/intel/compilers_and_libraries_2019.5.281/linux/mpi/intel64/libfabric/lib -L/opt/intel/compilers_and_libraries_2019.5.281/linux/ipp/lib/intel64 -L/opt/intel/compilers_and_libraries_2019.5.281/linux/compiler/lib/intel64_lin -L/opt/intel/compilers_and_libraries_2019.5.281/linux/mkl/lib/intel64_lin -L/opt/intel/compilers_and_libraries_2019.5.281/linux/tbb/lib/intel64/gcc4.7 -L/usr/lib/gcc/x86_64-pc-linux-gnu/9.2.0/../../.. CMakeFiles/cmTC_1bda9.dir/CMakeCXXCompilerABI.cpp.o -lstdc++ -lm -lgcc_s -lgcc -lc -lgcc_s -lgcc /usr/lib/gcc/x86_64-pc-linux-gnu/9.2.0/crtendS.o /usr/lib/gcc/x86_64-pc-linux-gnu/9.2.0/../../../../lib/crtn.o]
    arg [/usr/lib/gcc/x86_64-pc-linux-gnu/9.2.0/collect2] ==> ignore
    arg [-plugin] ==> ignore
    arg [/usr/lib/gcc/x86_64-pc-linux-gnu/9.2.0/liblto_plugin.so] ==> ignore
    arg [-plugin-opt=/usr/lib/gcc/x86_64-pc-linux-gnu/9.2.0/lto-wrapper] ==> ignore
    arg [-plugin-opt=-fresolution=/tmp/ccAFYEPY.res] ==> ignore
    arg [-plugin-opt=-pass-through=-lgcc_s] ==> ignore
    arg [-plugin-opt=-pass-through=-lgcc] ==> ignore
    arg [-plugin-opt=-pass-through=-lc] ==> ignore
    arg [-plugin-opt=-pass-through=-lgcc_s] ==> ignore
    arg [-plugin-opt=-pass-through=-lgcc] ==> ignore
    arg [--build-id] ==> ignore
    arg [--eh-frame-hdr] ==> ignore
    arg [--hash-style=gnu] ==> ignore
    arg [-m] ==> ignore
    arg [elf_x86_64] ==> ignore
    arg [-dynamic-linker] ==> ignore
    arg [/lib64/ld-linux-x86-64.so.2] ==> ignore
    arg [-pie] ==> ignore
    arg [-o] ==> ignore
    arg [cmTC_1bda9] ==> ignore
    arg [/usr/lib/gcc/x86_64-pc-linux-gnu/9.2.0/../../../../lib/Scrt1.o] ==> ignore
    arg [/usr/lib/gcc/x86_64-pc-linux-gnu/9.2.0/../../../../lib/crti.o] ==> ignore
    arg [/usr/lib/gcc/x86_64-pc-linux-gnu/9.2.0/crtbeginS.o] ==> ignore
    arg [-L/opt/intel/compilers_and_libraries_2019.5.281/linux/mpi/intel64/libfabric/lib/../lib] ==> dir [/opt/intel/compilers_and_libraries_2019.5.281/linux/mpi/intel64/libfabric/lib/../lib]
    arg [-L/usr/lib/gcc/x86_64-pc-linux-gnu/9.2.0] ==> dir [/usr/lib/gcc/x86_64-pc-linux-gnu/9.2.0]
    arg [-L/usr/lib/gcc/x86_64-pc-linux-gnu/9.2.0/../../../../lib] ==> dir [/usr/lib/gcc/x86_64-pc-linux-gnu/9.2.0/../../../../lib]
    arg [-L/lib/../lib] ==> dir [/lib/../lib]
    arg [-L/usr/lib/../lib] ==> dir [/usr/lib/../lib]
    arg [-L/opt/intel/compilers_and_libraries_2019.5.281/linux/mpi/intel64/libfabric/lib] ==> dir [/opt/intel/compilers_and_libraries_2019.5.281/linux/mpi/intel64/libfabric/lib]
    arg [-L/opt/intel/compilers_and_libraries_2019.5.281/linux/ipp/lib/intel64] ==> dir [/opt/intel/compilers_and_libraries_2019.5.281/linux/ipp/lib/intel64]
    arg [-L/opt/intel/compilers_and_libraries_2019.5.281/linux/compiler/lib/intel64_lin] ==> dir [/opt/intel/compilers_and_libraries_2019.5.281/linux/compiler/lib/intel64_lin]
    arg [-L/opt/intel/compilers_and_libraries_2019.5.281/linux/mkl/lib/intel64_lin] ==> dir [/opt/intel/compilers_and_libraries_2019.5.281/linux/mkl/lib/intel64_lin]
    arg [-L/opt/intel/compilers_and_libraries_2019.5.281/linux/tbb/lib/intel64/gcc4.7] ==> dir [/opt/intel/compilers_and_libraries_2019.5.281/linux/tbb/lib/intel64/gcc4.7]
    arg [-L/usr/lib/gcc/x86_64-pc-linux-gnu/9.2.0/../../..] ==> dir [/usr/lib/gcc/x86_64-pc-linux-gnu/9.2.0/../../..]
    arg [CMakeFiles/cmTC_1bda9.dir/CMakeCXXCompilerABI.cpp.o] ==> ignore
    arg [-lstdc++] ==> lib [stdc++]
    arg [-lm] ==> lib [m]
    arg [-lgcc_s] ==> lib [gcc_s]
    arg [-lgcc] ==> lib [gcc]
    arg [-lc] ==> lib [c]
    arg [-lgcc_s] ==> lib [gcc_s]
    arg [-lgcc] ==> lib [gcc]
    arg [/usr/lib/gcc/x86_64-pc-linux-gnu/9.2.0/crtendS.o] ==> ignore
    arg [/usr/lib/gcc/x86_64-pc-linux-gnu/9.2.0/../../../../lib/crtn.o] ==> ignore
  collapse library dir [/opt/intel/compilers_and_libraries_2019.5.281/linux/mpi/intel64/libfabric/lib/../lib] ==> [/opt/intel/compilers_and_libraries_2019.5.281/linux/mpi/intel64/libfabric/lib]
  collapse library dir [/usr/lib/gcc/x86_64-pc-linux-gnu/9.2.0] ==> [/usr/lib/gcc/x86_64-pc-linux-gnu/9.2.0]
  collapse library dir [/usr/lib/gcc/x86_64-pc-linux-gnu/9.2.0/../../../../lib] ==> [/usr/lib]
  collapse library dir [/lib/../lib] ==> [/lib]
  collapse library dir [/usr/lib/../lib] ==> [/usr/lib]
  collapse library dir [/opt/intel/compilers_and_libraries_2019.5.281/linux/mpi/intel64/libfabric/lib] ==> [/opt/intel/compilers_and_libraries_2019.5.281/linux/mpi/intel64/libfabric/lib]
  collapse library dir [/opt/intel/compilers_and_libraries_2019.5.281/linux/ipp/lib/intel64] ==> [/opt/intel/compilers_and_libraries_2019.5.281/linux/ipp/lib/intel64]
  collapse library dir [/opt/intel/compilers_and_libraries_2019.5.281/linux/compiler/lib/intel64_lin] ==> [/opt/intel/compilers_and_libraries_2019.5.281/linux/compiler/lib/intel64_lin]
  collapse library dir [/opt/intel/compilers_and_libraries_2019.5.281/linux/mkl/lib/intel64_lin] ==> [/opt/intel/compilers_and_libraries_2019.5.281/linux/mkl/lib/intel64_lin]
  collapse library dir [/opt/intel/compilers_and_libraries_2019.5.281/linux/tbb/lib/intel64/gcc4.7] ==> [/opt/intel/compilers_and_libraries_2019.5.281/linux/tbb/lib/intel64/gcc4.7]
  collapse library dir [/usr/lib/gcc/x86_64-pc-linux-gnu/9.2.0/../../..] ==> [/usr/lib]
  implicit libs: [stdc++;m;gcc_s;gcc;c;gcc_s;gcc]
  implicit dirs: [/opt/intel/compilers_and_libraries_2019.5.281/linux/mpi/intel64/libfabric/lib;/usr/lib/gcc/x86_64-pc-linux-gnu/9.2.0;/usr/lib;/lib;/opt/intel/compilers_and_libraries_2019.5.281/linux/ipp/lib/intel64;/opt/intel/compilers_and_libraries_2019.5.281/linux/compiler/lib/intel64_lin;/opt/intel/compilers_and_libraries_2019.5.281/linux/mkl/lib/intel64_lin;/opt/intel/compilers_and_libraries_2019.5.281/linux/tbb/lib/intel64/gcc4.7]
  implicit fwks: []


Performing C++ SOURCE FILE Test CXX17_BUILTIN succeeded with the following output:
Change Dir: /home/ghal/git/DATX05/pstclassifierseqan/src/build/debug/CMakeFiles/CMakeTmp

Run Build Command(s):/usr/bin/make cmTC_4033c/fast && /usr/bin/make -f CMakeFiles/cmTC_4033c.dir/build.make CMakeFiles/cmTC_4033c.dir/build
make[1]: Entering directory '/home/ghal/git/DATX05/pstclassifierseqan/src/build/debug/CMakeFiles/CMakeTmp'
Building CXX object CMakeFiles/cmTC_4033c.dir/src.cxx.o
/usr/bin/c++   -I/home/ghal/git/DATX05/pstclassifierseqan/seqan3/include -I/home/ghal/git/DATX05/pstclassifierseqan/seqan3/submodules/sdsl-lite/include -I/home/ghal/git/DATX05/pstclassifierseqan/seqan3/submodules/range-v3/include -I/home/ghal/git/DATX05/pstclassifierseqan/seqan3/submodules/cereal/include  -pthread -DCXX17_BUILTIN  -pthread   -std=gnu++17 -o CMakeFiles/cmTC_4033c.dir/src.cxx.o -c /home/ghal/git/DATX05/pstclassifierseqan/src/build/debug/CMakeFiles/CMakeTmp/src.cxx
Linking CXX executable cmTC_4033c
/opt/clion/bin/cmake/linux/bin/cmake -E cmake_link_script CMakeFiles/cmTC_4033c.dir/link.txt --verbose=1
/usr/bin/c++   -pthread -DCXX17_BUILTIN  -pthread    CMakeFiles/cmTC_4033c.dir/src.cxx.o  -o cmTC_4033c 
make[1]: Leaving directory '/home/ghal/git/DATX05/pstclassifierseqan/src/build/debug/CMakeFiles/CMakeTmp'


Source file was:
#if !defined (__cplusplus) || (__cplusplus < 201703L)
    #error NOCXX17
    #endif
    int main() {}
Performing C++ SOURCE FILE Test CONCEPTS_FLAG-fconcepts succeeded with the following output:
Change Dir: /home/ghal/git/DATX05/pstclassifierseqan/src/build/debug/CMakeFiles/CMakeTmp

Run Build Command(s):/usr/bin/make cmTC_82ce1/fast && /usr/bin/make -f CMakeFiles/cmTC_82ce1.dir/build.make CMakeFiles/cmTC_82ce1.dir/build
make[1]: Entering directory '/home/ghal/git/DATX05/pstclassifierseqan/src/build/debug/CMakeFiles/CMakeTmp'
Building CXX object CMakeFiles/cmTC_82ce1.dir/src.cxx.o
/usr/bin/c++   -I/home/ghal/git/DATX05/pstclassifierseqan/seqan3/include -I/home/ghal/git/DATX05/pstclassifierseqan/seqan3/submodules/sdsl-lite/include -I/home/ghal/git/DATX05/pstclassifierseqan/seqan3/submodules/range-v3/include -I/home/ghal/git/DATX05/pstclassifierseqan/seqan3/submodules/cereal/include  -pthread -DCONCEPTS_FLAG-fconcepts  -pthread -fconcepts   -std=gnu++17 -o CMakeFiles/cmTC_82ce1.dir/src.cxx.o -c /home/ghal/git/DATX05/pstclassifierseqan/src/build/debug/CMakeFiles/CMakeTmp/src.cxx
<command-line>: warning: ISO C++11 requires whitespace after the macro name
Linking CXX executable cmTC_82ce1
/opt/clion/bin/cmake/linux/bin/cmake -E cmake_link_script CMakeFiles/cmTC_82ce1.dir/link.txt --verbose=1
/usr/bin/c++   -pthread -DCONCEPTS_FLAG-fconcepts  -pthread -fconcepts    CMakeFiles/cmTC_82ce1.dir/src.cxx.o  -o cmTC_82ce1 
make[1]: Leaving directory '/home/ghal/git/DATX05/pstclassifierseqan/src/build/debug/CMakeFiles/CMakeTmp'


Source file was:
static_assert (__cpp_concepts >= 201507);
    int main() {}
Determining if the include file filesystem exists passed with the following output:
Change Dir: /home/ghal/git/DATX05/pstclassifierseqan/src/build/debug/CMakeFiles/CMakeTmp

Run Build Command(s):/usr/bin/make cmTC_13ac5/fast && /usr/bin/make -f CMakeFiles/cmTC_13ac5.dir/build.make CMakeFiles/cmTC_13ac5.dir/build
make[1]: Entering directory '/home/ghal/git/DATX05/pstclassifierseqan/src/build/debug/CMakeFiles/CMakeTmp'
Building CXX object CMakeFiles/cmTC_13ac5.dir/CheckIncludeFile.cxx.o
/usr/bin/c++   -I/home/ghal/git/DATX05/pstclassifierseqan/seqan3/include -I/home/ghal/git/DATX05/pstclassifierseqan/seqan3/submodules/sdsl-lite/include -I/home/ghal/git/DATX05/pstclassifierseqan/seqan3/submodules/range-v3/include -I/home/ghal/git/DATX05/pstclassifierseqan/seqan3/submodules/cereal/include  -pthread  -pthread -fconcepts   -std=gnu++17 -o CMakeFiles/cmTC_13ac5.dir/CheckIncludeFile.cxx.o -c /home/ghal/git/DATX05/pstclassifierseqan/src/build/debug/CMakeFiles/CMakeTmp/CheckIncludeFile.cxx
Linking CXX executable cmTC_13ac5
/opt/clion/bin/cmake/linux/bin/cmake -E cmake_link_script CMakeFiles/cmTC_13ac5.dir/link.txt --verbose=1
/usr/bin/c++   -pthread  -pthread -fconcepts    CMakeFiles/cmTC_13ac5.dir/CheckIncludeFile.cxx.o  -o cmTC_13ac5 
make[1]: Leaving directory '/home/ghal/git/DATX05/pstclassifierseqan/src/build/debug/CMakeFiles/CMakeTmp'



Determining if the include file experimental/filesystem exists passed with the following output:
Change Dir: /home/ghal/git/DATX05/pstclassifierseqan/src/build/debug/CMakeFiles/CMakeTmp

Run Build Command(s):/usr/bin/make cmTC_9baf8/fast && /usr/bin/make -f CMakeFiles/cmTC_9baf8.dir/build.make CMakeFiles/cmTC_9baf8.dir/build
make[1]: Entering directory '/home/ghal/git/DATX05/pstclassifierseqan/src/build/debug/CMakeFiles/CMakeTmp'
Building CXX object CMakeFiles/cmTC_9baf8.dir/CheckIncludeFile.cxx.o
/usr/bin/c++   -I/home/ghal/git/DATX05/pstclassifierseqan/seqan3/include -I/home/ghal/git/DATX05/pstclassifierseqan/seqan3/submodules/sdsl-lite/include -I/home/ghal/git/DATX05/pstclassifierseqan/seqan3/submodules/range-v3/include -I/home/ghal/git/DATX05/pstclassifierseqan/seqan3/submodules/cereal/include  -pthread  -pthread -fconcepts   -std=gnu++17 -o CMakeFiles/cmTC_9baf8.dir/CheckIncludeFile.cxx.o -c /home/ghal/git/DATX05/pstclassifierseqan/src/build/debug/CMakeFiles/CMakeTmp/CheckIncludeFile.cxx
Linking CXX executable cmTC_9baf8
/opt/clion/bin/cmake/linux/bin/cmake -E cmake_link_script CMakeFiles/cmTC_9baf8.dir/link.txt --verbose=1
/usr/bin/c++   -pthread  -pthread -fconcepts    CMakeFiles/cmTC_9baf8.dir/CheckIncludeFile.cxx.o  -o cmTC_9baf8 
make[1]: Leaving directory '/home/ghal/git/DATX05/pstclassifierseqan/src/build/debug/CMakeFiles/CMakeTmp'



Performing C++ SOURCE FILE Test C++17FS_BUILTIN succeeded with the following output:
Change Dir: /home/ghal/git/DATX05/pstclassifierseqan/src/build/debug/CMakeFiles/CMakeTmp

Run Build Command(s):/usr/bin/make cmTC_712ab/fast && /usr/bin/make -f CMakeFiles/cmTC_712ab.dir/build.make CMakeFiles/cmTC_712ab.dir/build
make[1]: Entering directory '/home/ghal/git/DATX05/pstclassifierseqan/src/build/debug/CMakeFiles/CMakeTmp'
Building CXX object CMakeFiles/cmTC_712ab.dir/src.cxx.o
/usr/bin/c++   -I/home/ghal/git/DATX05/pstclassifierseqan/seqan3/include -I/home/ghal/git/DATX05/pstclassifierseqan/seqan3/submodules/sdsl-lite/include -I/home/ghal/git/DATX05/pstclassifierseqan/seqan3/submodules/range-v3/include -I/home/ghal/git/DATX05/pstclassifierseqan/seqan3/submodules/cereal/include  -pthread -DC++17FS_BUILTIN  -pthread -fconcepts   -std=gnu++17 -o CMakeFiles/cmTC_712ab.dir/src.cxx.o -c /home/ghal/git/DATX05/pstclassifierseqan/src/build/debug/CMakeFiles/CMakeTmp/src.cxx
<command-line>: warning: ISO C++11 requires whitespace after the macro name
Linking CXX executable cmTC_712ab
/opt/clion/bin/cmake/linux/bin/cmake -E cmake_link_script CMakeFiles/cmTC_712ab.dir/link.txt --verbose=1
/usr/bin/c++   -pthread -DC++17FS_BUILTIN  -pthread -fconcepts    CMakeFiles/cmTC_712ab.dir/src.cxx.o  -o cmTC_712ab 
make[1]: Leaving directory '/home/ghal/git/DATX05/pstclassifierseqan/src/build/debug/CMakeFiles/CMakeTmp'


Source file was:
#include <filesystem>
        int main()
        {
            std::filesystem::path p{"	mp/"};
            throw std::filesystem::filesystem_error("Empty file name!", std::make_error_code(std::errc::invalid_argument));
        }
Determining if the include file range/v3/version.hpp exists passed with the following output:
Change Dir: /home/ghal/git/DATX05/pstclassifierseqan/src/build/debug/CMakeFiles/CMakeTmp

Run Build Command(s):/usr/bin/make cmTC_75caf/fast && /usr/bin/make -f CMakeFiles/cmTC_75caf.dir/build.make CMakeFiles/cmTC_75caf.dir/build
make[1]: Entering directory '/home/ghal/git/DATX05/pstclassifierseqan/src/build/debug/CMakeFiles/CMakeTmp'
Building CXX object CMakeFiles/cmTC_75caf.dir/CheckIncludeFile.cxx.o
/usr/bin/c++   -I/home/ghal/git/DATX05/pstclassifierseqan/seqan3/include -I/home/ghal/git/DATX05/pstclassifierseqan/seqan3/submodules/sdsl-lite/include -I/home/ghal/git/DATX05/pstclassifierseqan/seqan3/submodules/range-v3/include -I/home/ghal/git/DATX05/pstclassifierseqan/seqan3/submodules/cereal/include  -pthread  -pthread -fconcepts   -std=gnu++17 -o CMakeFiles/cmTC_75caf.dir/CheckIncludeFile.cxx.o -c /home/ghal/git/DATX05/pstclassifierseqan/src/build/debug/CMakeFiles/CMakeTmp/CheckIncludeFile.cxx
Linking CXX executable cmTC_75caf
/opt/clion/bin/cmake/linux/bin/cmake -E cmake_link_script CMakeFiles/cmTC_75caf.dir/link.txt --verbose=1
/usr/bin/c++   -pthread  -pthread -fconcepts    CMakeFiles/cmTC_75caf.dir/CheckIncludeFile.cxx.o  -o cmTC_75caf 
make[1]: Leaving directory '/home/ghal/git/DATX05/pstclassifierseqan/src/build/debug/CMakeFiles/CMakeTmp'



Determining if the include file sdsl/version.hpp exists passed with the following output:
Change Dir: /home/ghal/git/DATX05/pstclassifierseqan/src/build/debug/CMakeFiles/CMakeTmp

Run Build Command(s):/usr/bin/make cmTC_e0482/fast && /usr/bin/make -f CMakeFiles/cmTC_e0482.dir/build.make CMakeFiles/cmTC_e0482.dir/build
make[1]: Entering directory '/home/ghal/git/DATX05/pstclassifierseqan/src/build/debug/CMakeFiles/CMakeTmp'
Building CXX object CMakeFiles/cmTC_e0482.dir/CheckIncludeFile.cxx.o
/usr/bin/c++   -I/home/ghal/git/DATX05/pstclassifierseqan/seqan3/include -I/home/ghal/git/DATX05/pstclassifierseqan/seqan3/submodules/sdsl-lite/include -I/home/ghal/git/DATX05/pstclassifierseqan/seqan3/submodules/range-v3/include -I/home/ghal/git/DATX05/pstclassifierseqan/seqan3/submodules/cereal/include  -pthread  -pthread -fconcepts   -std=gnu++17 -o CMakeFiles/cmTC_e0482.dir/CheckIncludeFile.cxx.o -c /home/ghal/git/DATX05/pstclassifierseqan/src/build/debug/CMakeFiles/CMakeTmp/CheckIncludeFile.cxx
Linking CXX executable cmTC_e0482
/opt/clion/bin/cmake/linux/bin/cmake -E cmake_link_script CMakeFiles/cmTC_e0482.dir/link.txt --verbose=1
/usr/bin/c++   -pthread  -pthread -fconcepts    CMakeFiles/cmTC_e0482.dir/CheckIncludeFile.cxx.o  -o cmTC_e0482 
make[1]: Leaving directory '/home/ghal/git/DATX05/pstclassifierseqan/src/build/debug/CMakeFiles/CMakeTmp'



Determining if the include file cereal/cereal.hpp exists passed with the following output:
Change Dir: /home/ghal/git/DATX05/pstclassifierseqan/src/build/debug/CMakeFiles/CMakeTmp

Run Build Command(s):/usr/bin/make cmTC_0ad46/fast && /usr/bin/make -f CMakeFiles/cmTC_0ad46.dir/build.make CMakeFiles/cmTC_0ad46.dir/build
make[1]: Entering directory '/home/ghal/git/DATX05/pstclassifierseqan/src/build/debug/CMakeFiles/CMakeTmp'
Building CXX object CMakeFiles/cmTC_0ad46.dir/CheckIncludeFile.cxx.o
/usr/bin/c++   -I/home/ghal/git/DATX05/pstclassifierseqan/seqan3/include -I/home/ghal/git/DATX05/pstclassifierseqan/seqan3/submodules/sdsl-lite/include -I/home/ghal/git/DATX05/pstclassifierseqan/seqan3/submodules/range-v3/include -I/home/ghal/git/DATX05/pstclassifierseqan/seqan3/submodules/cereal/include  -pthread  -pthread -fconcepts   -std=gnu++17 -o CMakeFiles/cmTC_0ad46.dir/CheckIncludeFile.cxx.o -c /home/ghal/git/DATX05/pstclassifierseqan/src/build/debug/CMakeFiles/CMakeTmp/CheckIncludeFile.cxx
Linking CXX executable cmTC_0ad46
/opt/clion/bin/cmake/linux/bin/cmake -E cmake_link_script CMakeFiles/cmTC_0ad46.dir/link.txt --verbose=1
/usr/bin/c++   -pthread  -pthread -fconcepts    CMakeFiles/cmTC_0ad46.dir/CheckIncludeFile.cxx.o  -o cmTC_0ad46 
make[1]: Leaving directory '/home/ghal/git/DATX05/pstclassifierseqan/src/build/debug/CMakeFiles/CMakeTmp'



Determining if the include file lemon/config.h exists passed with the following output:
Change Dir: /home/ghal/git/DATX05/pstclassifierseqan/src/build/debug/CMakeFiles/CMakeTmp

Run Build Command(s):/usr/bin/make cmTC_4dd04/fast && /usr/bin/make -f CMakeFiles/cmTC_4dd04.dir/build.make CMakeFiles/cmTC_4dd04.dir/build
make[1]: Entering directory '/home/ghal/git/DATX05/pstclassifierseqan/src/build/debug/CMakeFiles/CMakeTmp'
Building CXX object CMakeFiles/cmTC_4dd04.dir/CheckIncludeFile.cxx.o
/usr/bin/c++   -I/home/ghal/git/DATX05/pstclassifierseqan/seqan3/include -I/home/ghal/git/DATX05/pstclassifierseqan/seqan3/submodules/sdsl-lite/include -I/home/ghal/git/DATX05/pstclassifierseqan/seqan3/submodules/range-v3/include -I/home/ghal/git/DATX05/pstclassifierseqan/seqan3/submodules/cereal/include  -pthread  -pthread -fconcepts   -std=gnu++17 -o CMakeFiles/cmTC_4dd04.dir/CheckIncludeFile.cxx.o -c /home/ghal/git/DATX05/pstclassifierseqan/src/build/debug/CMakeFiles/CMakeTmp/CheckIncludeFile.cxx
Linking CXX executable cmTC_4dd04
/opt/clion/bin/cmake/linux/bin/cmake -E cmake_link_script CMakeFiles/cmTC_4dd04.dir/link.txt --verbose=1
/usr/bin/c++   -pthread  -pthread -fconcepts    CMakeFiles/cmTC_4dd04.dir/CheckIncludeFile.cxx.o  -o cmTC_4dd04 
make[1]: Leaving directory '/home/ghal/git/DATX05/pstclassifierseqan/src/build/debug/CMakeFiles/CMakeTmp'



Determining if the BZ2_bzCompressInit exist passed with the following output:
Change Dir: /home/ghal/git/DATX05/pstclassifierseqan/src/build/debug/CMakeFiles/CMakeTmp

Run Build Command(s):/usr/bin/make cmTC_67e77/fast && /usr/bin/make -f CMakeFiles/cmTC_67e77.dir/build.make CMakeFiles/cmTC_67e77.dir/build
make[1]: Entering directory '/home/ghal/git/DATX05/pstclassifierseqan/src/build/debug/CMakeFiles/CMakeTmp'
Building CXX object CMakeFiles/cmTC_67e77.dir/CheckSymbolExists.cxx.o
/usr/bin/c++    -pthread  -pthread -fconcepts   -std=gnu++17 -o CMakeFiles/cmTC_67e77.dir/CheckSymbolExists.cxx.o -c /home/ghal/git/DATX05/pstclassifierseqan/src/build/debug/CMakeFiles/CMakeTmp/CheckSymbolExists.cxx
Linking CXX executable cmTC_67e77
/opt/clion/bin/cmake/linux/bin/cmake -E cmake_link_script CMakeFiles/cmTC_67e77.dir/link.txt --verbose=1
/usr/bin/c++   -pthread  -pthread -fconcepts    CMakeFiles/cmTC_67e77.dir/CheckSymbolExists.cxx.o  -o cmTC_67e77 /usr/lib/libbz2.so 
make[1]: Leaving directory '/home/ghal/git/DATX05/pstclassifierseqan/src/build/debug/CMakeFiles/CMakeTmp'


File /home/ghal/git/DATX05/pstclassifierseqan/src/build/debug/CMakeFiles/CMakeTmp/CheckSymbolExists.cxx:
/* */
#include <bzlib.h>

int main(int argc, char** argv)
{
  (void)argv;
#ifndef BZ2_bzCompressInit
  return ((int*)(&BZ2_bzCompressInit))[argc];
#else
  (void)argc;
  return 0;
#endif
}

Determining if the include file execinfo.h exists passed with the following output:
Change Dir: /home/ghal/git/DATX05/pstclassifierseqan/src/build/debug/CMakeFiles/CMakeTmp

Run Build Command(s):/usr/bin/make cmTC_16d0b/fast && /usr/bin/make -f CMakeFiles/cmTC_16d0b.dir/build.make CMakeFiles/cmTC_16d0b.dir/build
make[1]: Entering directory '/home/ghal/git/DATX05/pstclassifierseqan/src/build/debug/CMakeFiles/CMakeTmp'
Building CXX object CMakeFiles/cmTC_16d0b.dir/CheckIncludeFile.cxx.o
/usr/bin/c++   -I/home/ghal/git/DATX05/pstclassifierseqan/seqan3/include -I/home/ghal/git/DATX05/pstclassifierseqan/seqan3/submodules/sdsl-lite/include -I/home/ghal/git/DATX05/pstclassifierseqan/seqan3/submodules/range-v3/include -I/home/ghal/git/DATX05/pstclassifierseqan/seqan3/submodules/cereal/include  -pthread  -pthread -fconcepts   -std=gnu++17 -o CMakeFiles/cmTC_16d0b.dir/CheckIncludeFile.cxx.o -c /home/ghal/git/DATX05/pstclassifierseqan/src/build/debug/CMakeFiles/CMakeTmp/CheckIncludeFile.cxx
Linking CXX executable cmTC_16d0b
/opt/clion/bin/cmake/linux/bin/cmake -E cmake_link_script CMakeFiles/cmTC_16d0b.dir/link.txt --verbose=1
/usr/bin/c++   -pthread  -pthread -fconcepts    CMakeFiles/cmTC_16d0b.dir/CheckIncludeFile.cxx.o  -o cmTC_16d0b 
make[1]: Leaving directory '/home/ghal/git/DATX05/pstclassifierseqan/src/build/debug/CMakeFiles/CMakeTmp'



Detecting CXX OpenMP compiler ABI info compiled with the following output:
Change Dir: /home/ghal/git/DATX05/pstclassifierseqan/src/build/debug/CMakeFiles/CMakeTmp

Run Build Command(s):/usr/bin/make cmTC_fa532/fast && make[1]: Entering directory '/home/ghal/git/DATX05/pstclassifierseqan/src/build/debug/CMakeFiles/CMakeTmp'
/usr/bin/make -f CMakeFiles/cmTC_fa532.dir/build.make CMakeFiles/cmTC_fa532.dir/build
make[2]: Entering directory '/home/ghal/git/DATX05/pstclassifierseqan/src/build/debug/CMakeFiles/CMakeTmp'
Building CXX object CMakeFiles/cmTC_fa532.dir/OpenMPTryFlag.cpp.o
/usr/bin/c++    -pthread -fopenmp -v   -o CMakeFiles/cmTC_fa532.dir/OpenMPTryFlag.cpp.o -c /home/ghal/git/DATX05/pstclassifierseqan/src/build/debug/CMakeFiles/FindOpenMP/OpenMPTryFlag.cpp
Using built-in specs.
COLLECT_GCC=/usr/bin/c++
Target: x86_64-pc-linux-gnu
Configured with: /build/gcc/src/gcc/configure --prefix=/usr --libdir=/usr/lib --libexecdir=/usr/lib --mandir=/usr/share/man --infodir=/usr/share/info --with-bugurl=https://bugs.archlinux.org/ --enable-languages=c,c++,ada,fortran,go,lto,objc,obj-c++,d --enable-shared --enable-threads=posix --with-system-zlib --with-isl --enable-__cxa_atexit --disable-libunwind-exceptions --enable-clocale=gnu --disable-libstdcxx-pch --disable-libssp --enable-gnu-unique-object --enable-linker-build-id --enable-lto --enable-plugin --enable-install-libiberty --with-linker-hash-style=gnu --enable-gnu-indirect-function --enable-multilib --disable-werror --enable-checking=release --enable-default-pie --enable-default-ssp --enable-cet=auto gdc_include_dir=/usr/include/dlang/gdc
Thread model: posix
gcc version 9.2.0 (GCC) 
COLLECT_GCC_OPTIONS='-pthread' '-fopenmp' '-v' '-o' 'CMakeFiles/cmTC_fa532.dir/OpenMPTryFlag.cpp.o' '-c' '-shared-libgcc' '-mtune=generic' '-march=x86-64' '-pthread'
 /usr/lib/gcc/x86_64-pc-linux-gnu/9.2.0/cc1plus -quiet -v -D_GNU_SOURCE -D_REENTRANT /home/ghal/git/DATX05/pstclassifierseqan/src/build/debug/CMakeFiles/FindOpenMP/OpenMPTryFlag.cpp -quiet -dumpbase OpenMPTryFlag.cpp -mtune=generic -march=x86-64 -auxbase-strip CMakeFiles/cmTC_fa532.dir/OpenMPTryFlag.cpp.o -version -fopenmp -o /tmp/ccRURgDC.s
GNU C++14 (GCC) version 9.2.0 (x86_64-pc-linux-gnu)
	compiled by GNU C version 9.2.0, GMP version 6.1.2, MPFR version 4.0.2, MPC version 1.1.0, isl version isl-0.21-GMP

GGC heuristics: --param ggc-min-expand=100 --param ggc-min-heapsize=131072
ignoring nonexistent directory "/usr/lib/gcc/x86_64-pc-linux-gnu/9.2.0/../../../../x86_64-pc-linux-gnu/include"
ignoring nonexistent directory "SUBSTITUTE_INSTALL_DIR_HERE/include"
#include "..." search starts here:
#include <...> search starts here:
 /opt/intel/compilers_and_libraries_2019.5.281/linux/ipp/include
 /opt/intel/compilers_and_libraries_2019.5.281/linux/mkl/include
 /opt/intel/compilers_and_libraries_2019.5.281/linux/tbb/include
 /usr/lib/gcc/x86_64-pc-linux-gnu/9.2.0/../../../../include/c++/9.2.0
 /usr/lib/gcc/x86_64-pc-linux-gnu/9.2.0/../../../../include/c++/9.2.0/x86_64-pc-linux-gnu
 /usr/lib/gcc/x86_64-pc-linux-gnu/9.2.0/../../../../include/c++/9.2.0/backward
 /usr/lib/gcc/x86_64-pc-linux-gnu/9.2.0/include
 /usr/local/include
 /usr/lib/gcc/x86_64-pc-linux-gnu/9.2.0/include-fixed
 /usr/include
End of search list.
GNU C++14 (GCC) version 9.2.0 (x86_64-pc-linux-gnu)
	compiled by GNU C version 9.2.0, GMP version 6.1.2, MPFR version 4.0.2, MPC version 1.1.0, isl version isl-0.21-GMP

GGC heuristics: --param ggc-min-expand=100 --param ggc-min-heapsize=131072
Compiler executable checksum: e70628160ff7c7e477f7d9570e6637cb
COLLECT_GCC_OPTIONS='-pthread' '-fopenmp' '-v' '-o' 'CMakeFiles/cmTC_fa532.dir/OpenMPTryFlag.cpp.o' '-c' '-shared-libgcc' '-mtune=generic' '-march=x86-64' '-pthread'
 as -v --64 -o CMakeFiles/cmTC_fa532.dir/OpenMPTryFlag.cpp.o /tmp/ccRURgDC.s
GNU assembler version 2.33.1 (x86_64-pc-linux-gnu) using BFD version (GNU Binutils) 2.33.1
COMPILER_PATH=/usr/lib/gcc/x86_64-pc-linux-gnu/9.2.0/:/usr/lib/gcc/x86_64-pc-linux-gnu/9.2.0/:/usr/lib/gcc/x86_64-pc-linux-gnu/:/usr/lib/gcc/x86_64-pc-linux-gnu/9.2.0/:/usr/lib/gcc/x86_64-pc-linux-gnu/
LIBRARY_PATH=/opt/intel/compilers_and_libraries_2019.5.281/linux/mpi/intel64/libfabric/lib/../lib/:/usr/lib/gcc/x86_64-pc-linux-gnu/9.2.0/:/usr/lib/gcc/x86_64-pc-linux-gnu/9.2.0/../../../../lib/:/lib/../lib/:/usr/lib/../lib/:/opt/intel/compilers_and_libraries_2019.5.281/linux/mpi/intel64/libfabric/lib/:/opt/intel/compilers_and_libraries_2019.5.281/linux/ipp/lib/intel64/:/opt/intel/compilers_and_libraries_2019.5.281/linux/compiler/lib/intel64_lin/:/opt/intel/compilers_and_libraries_2019.5.281/linux/mkl/lib/intel64_lin/:/opt/intel/compilers_and_libraries_2019.5.281/linux/tbb/lib/intel64/gcc4.7/:/usr/lib/gcc/x86_64-pc-linux-gnu/9.2.0/../../../:/lib/:/usr/lib/
COLLECT_GCC_OPTIONS='-pthread' '-fopenmp' '-v' '-o' 'CMakeFiles/cmTC_fa532.dir/OpenMPTryFlag.cpp.o' '-c' '-shared-libgcc' '-mtune=generic' '-march=x86-64' '-pthread'
Linking CXX executable cmTC_fa532
/opt/clion/bin/cmake/linux/bin/cmake -E cmake_link_script CMakeFiles/cmTC_fa532.dir/link.txt --verbose=1
/usr/bin/c++   -pthread -fopenmp -v    CMakeFiles/cmTC_fa532.dir/OpenMPTryFlag.cpp.o  -o cmTC_fa532 -v 
Using built-in specs.
COLLECT_GCC=/usr/bin/c++
COLLECT_LTO_WRAPPER=/usr/lib/gcc/x86_64-pc-linux-gnu/9.2.0/lto-wrapper
Target: x86_64-pc-linux-gnu
Configured with: /build/gcc/src/gcc/configure --prefix=/usr --libdir=/usr/lib --libexecdir=/usr/lib --mandir=/usr/share/man --infodir=/usr/share/info --with-bugurl=https://bugs.archlinux.org/ --enable-languages=c,c++,ada,fortran,go,lto,objc,obj-c++,d --enable-shared --enable-threads=posix --with-system-zlib --with-isl --enable-__cxa_atexit --disable-libunwind-exceptions --enable-clocale=gnu --disable-libstdcxx-pch --disable-libssp --enable-gnu-unique-object --enable-linker-build-id --enable-lto --enable-plugin --enable-install-libiberty --with-linker-hash-style=gnu --enable-gnu-indirect-function --enable-multilib --disable-werror --enable-checking=release --enable-default-pie --enable-default-ssp --enable-cet=auto gdc_include_dir=/usr/include/dlang/gdc
Thread model: posix
gcc version 9.2.0 (GCC) 
COMPILER_PATH=/usr/lib/gcc/x86_64-pc-linux-gnu/9.2.0/:/usr/lib/gcc/x86_64-pc-linux-gnu/9.2.0/:/usr/lib/gcc/x86_64-pc-linux-gnu/:/usr/lib/gcc/x86_64-pc-linux-gnu/9.2.0/:/usr/lib/gcc/x86_64-pc-linux-gnu/
LIBRARY_PATH=/opt/intel/compilers_and_libraries_2019.5.281/linux/mpi/intel64/libfabric/lib/../lib/:/usr/lib/gcc/x86_64-pc-linux-gnu/9.2.0/:/usr/lib/gcc/x86_64-pc-linux-gnu/9.2.0/../../../../lib/:/lib/../lib/:/usr/lib/../lib/:/opt/intel/compilers_and_libraries_2019.5.281/linux/mpi/intel64/libfabric/lib/:/opt/intel/compilers_and_libraries_2019.5.281/linux/ipp/lib/intel64/:/opt/intel/compilers_and_libraries_2019.5.281/linux/compiler/lib/intel64_lin/:/opt/intel/compilers_and_libraries_2019.5.281/linux/mkl/lib/intel64_lin/:/opt/intel/compilers_and_libraries_2019.5.281/linux/tbb/lib/intel64/gcc4.7/:/usr/lib/gcc/x86_64-pc-linux-gnu/9.2.0/../../../:/lib/:/usr/lib/
Reading specs from /usr/lib/gcc/x86_64-pc-linux-gnu/9.2.0/../../../../lib/libgomp.spec
COLLECT_GCC_OPTIONS='-pthread' '-fopenmp' '-v' '-o' 'cmTC_fa532' '-v' '-shared-libgcc' '-mtune=generic' '-march=x86-64' '-pthread'
 /usr/lib/gcc/x86_64-pc-linux-gnu/9.2.0/collect2 -plugin /usr/lib/gcc/x86_64-pc-linux-gnu/9.2.0/liblto_plugin.so -plugin-opt=/usr/lib/gcc/x86_64-pc-linux-gnu/9.2.0/lto-wrapper -plugin-opt=-fresolution=/tmp/ccmUdu4W.res -plugin-opt=-pass-through=-lgcc_s -plugin-opt=-pass-through=-lgcc -plugin-opt=-pass-through=-lpthread -plugin-opt=-pass-through=-lc -plugin-opt=-pass-through=-lgcc_s -plugin-opt=-pass-through=-lgcc --build-id --eh-frame-hdr --hash-style=gnu -m elf_x86_64 -dynamic-linker /lib64/ld-linux-x86-64.so.2 -pie -o cmTC_fa532 /usr/lib/gcc/x86_64-pc-linux-gnu/9.2.0/../../../../lib/Scrt1.o /usr/lib/gcc/x86_64-pc-linux-gnu/9.2.0/../../../../lib/crti.o /usr/lib/gcc/x86_64-pc-linux-gnu/9.2.0/crtbeginS.o -L/opt/intel/compilers_and_libraries_2019.5.281/linux/mpi/intel64/libfabric/lib/../lib -L/usr/lib/gcc/x86_64-pc-linux-gnu/9.2.0 -L/usr/lib/gcc/x86_64-pc-linux-gnu/9.2.0/../../../../lib -L/lib/../lib -L/usr/lib/../lib -L/opt/intel/compilers_and_libraries_2019.5.281/linux/mpi/intel64/libfabric/lib -L/opt/intel/compilers_and_libraries_2019.5.281/linux/ipp/lib/intel64 -L/opt/intel/compilers_and_libraries_2019.5.281/linux/compiler/lib/intel64_lin -L/opt/intel/compilers_and_libraries_2019.5.281/linux/mkl/lib/intel64_lin -L/opt/intel/compilers_and_libraries_2019.5.281/linux/tbb/lib/intel64/gcc4.7 -L/usr/lib/gcc/x86_64-pc-linux-gnu/9.2.0/../../.. CMakeFiles/cmTC_fa532.dir/OpenMPTryFlag.cpp.o -lstdc++ -lm -lgomp -lgcc_s -lgcc -lpthread -lc -lgcc_s -lgcc /usr/lib/gcc/x86_64-pc-linux-gnu/9.2.0/crtendS.o /usr/lib/gcc/x86_64-pc-linux-gnu/9.2.0/../../../../lib/crtn.o
COLLECT_GCC_OPTIONS='-pthread' '-fopenmp' '-v' '-o' 'cmTC_fa532' '-v' '-shared-libgcc' '-mtune=generic' '-march=x86-64' '-pthread'
make[2]: Leaving directory '/home/ghal/git/DATX05/pstclassifierseqan/src/build/debug/CMakeFiles/CMakeTmp'
make[1]: Leaving directory '/home/ghal/git/DATX05/pstclassifierseqan/src/build/debug/CMakeFiles/CMakeTmp'



Parsed CXX OpenMP implicit link information from above output:
  link line regex: [^( *|.*[/\])(ld|CMAKE_LINK_STARTFILE-NOTFOUND|([^/\]+-)?ld|collect2)[^/\]*( |$)]
  ignore line: [Change Dir: /home/ghal/git/DATX05/pstclassifierseqan/src/build/debug/CMakeFiles/CMakeTmp]
  ignore line: []
  ignore line: [Run Build Command(s):/usr/bin/make cmTC_fa532/fast && make[1]: Entering directory '/home/ghal/git/DATX05/pstclassifierseqan/src/build/debug/CMakeFiles/CMakeTmp']
  ignore line: [/usr/bin/make -f CMakeFiles/cmTC_fa532.dir/build.make CMakeFiles/cmTC_fa532.dir/build]
  ignore line: [make[2]: Entering directory '/home/ghal/git/DATX05/pstclassifierseqan/src/build/debug/CMakeFiles/CMakeTmp']
  ignore line: [Building CXX object CMakeFiles/cmTC_fa532.dir/OpenMPTryFlag.cpp.o]
  ignore line: [/usr/bin/c++    -pthread -fopenmp -v   -o CMakeFiles/cmTC_fa532.dir/OpenMPTryFlag.cpp.o -c /home/ghal/git/DATX05/pstclassifierseqan/src/build/debug/CMakeFiles/FindOpenMP/OpenMPTryFlag.cpp]
  ignore line: [Using built-in specs.]
  ignore line: [COLLECT_GCC=/usr/bin/c++]
  ignore line: [Target: x86_64-pc-linux-gnu]
  ignore line: [Configured with: /build/gcc/src/gcc/configure --prefix=/usr --libdir=/usr/lib --libexecdir=/usr/lib --mandir=/usr/share/man --infodir=/usr/share/info --with-bugurl=https://bugs.archlinux.org/ --enable-languages=c,c++,ada,fortran,go,lto,objc,obj-c++,d --enable-shared --enable-threads=posix --with-system-zlib --with-isl --enable-__cxa_atexit --disable-libunwind-exceptions --enable-clocale=gnu --disable-libstdcxx-pch --disable-libssp --enable-gnu-unique-object --enable-linker-build-id --enable-lto --enable-plugin --enable-install-libiberty --with-linker-hash-style=gnu --enable-gnu-indirect-function --enable-multilib --disable-werror --enable-checking=release --enable-default-pie --enable-default-ssp --enable-cet=auto gdc_include_dir=/usr/include/dlang/gdc]
  ignore line: [Thread model: posix]
  ignore line: [gcc version 9.2.0 (GCC) ]
  ignore line: [COLLECT_GCC_OPTIONS='-pthread' '-fopenmp' '-v' '-o' 'CMakeFiles/cmTC_fa532.dir/OpenMPTryFlag.cpp.o' '-c' '-shared-libgcc' '-mtune=generic' '-march=x86-64' '-pthread']
  ignore line: [ /usr/lib/gcc/x86_64-pc-linux-gnu/9.2.0/cc1plus -quiet -v -D_GNU_SOURCE -D_REENTRANT /home/ghal/git/DATX05/pstclassifierseqan/src/build/debug/CMakeFiles/FindOpenMP/OpenMPTryFlag.cpp -quiet -dumpbase OpenMPTryFlag.cpp -mtune=generic -march=x86-64 -auxbase-strip CMakeFiles/cmTC_fa532.dir/OpenMPTryFlag.cpp.o -version -fopenmp -o /tmp/ccRURgDC.s]
  ignore line: [GNU C++14 (GCC) version 9.2.0 (x86_64-pc-linux-gnu)]
  ignore line: [	compiled by GNU C version 9.2.0, GMP version 6.1.2, MPFR version 4.0.2, MPC version 1.1.0, isl version isl-0.21-GMP]
  ignore line: []
  ignore line: [GGC heuristics: --param ggc-min-expand=100 --param ggc-min-heapsize=131072]
  ignore line: [ignoring nonexistent directory "/usr/lib/gcc/x86_64-pc-linux-gnu/9.2.0/../../../../x86_64-pc-linux-gnu/include"]
  ignore line: [ignoring nonexistent directory "SUBSTITUTE_INSTALL_DIR_HERE/include"]
  ignore line: [#include "..." search starts here:]
  ignore line: [#include <...> search starts here:]
  ignore line: [ /opt/intel/compilers_and_libraries_2019.5.281/linux/ipp/include]
  ignore line: [ /opt/intel/compilers_and_libraries_2019.5.281/linux/mkl/include]
  ignore line: [ /opt/intel/compilers_and_libraries_2019.5.281/linux/tbb/include]
  ignore line: [ /usr/lib/gcc/x86_64-pc-linux-gnu/9.2.0/../../../../include/c++/9.2.0]
  ignore line: [ /usr/lib/gcc/x86_64-pc-linux-gnu/9.2.0/../../../../include/c++/9.2.0/x86_64-pc-linux-gnu]
  ignore line: [ /usr/lib/gcc/x86_64-pc-linux-gnu/9.2.0/../../../../include/c++/9.2.0/backward]
  ignore line: [ /usr/lib/gcc/x86_64-pc-linux-gnu/9.2.0/include]
  ignore line: [ /usr/local/include]
  ignore line: [ /usr/lib/gcc/x86_64-pc-linux-gnu/9.2.0/include-fixed]
  ignore line: [ /usr/include]
  ignore line: [End of search list.]
  ignore line: [GNU C++14 (GCC) version 9.2.0 (x86_64-pc-linux-gnu)]
  ignore line: [	compiled by GNU C version 9.2.0, GMP version 6.1.2, MPFR version 4.0.2, MPC version 1.1.0, isl version isl-0.21-GMP]
  ignore line: []
  ignore line: [GGC heuristics: --param ggc-min-expand=100 --param ggc-min-heapsize=131072]
  ignore line: [Compiler executable checksum: e70628160ff7c7e477f7d9570e6637cb]
  ignore line: [COLLECT_GCC_OPTIONS='-pthread' '-fopenmp' '-v' '-o' 'CMakeFiles/cmTC_fa532.dir/OpenMPTryFlag.cpp.o' '-c' '-shared-libgcc' '-mtune=generic' '-march=x86-64' '-pthread']
  ignore line: [ as -v --64 -o CMakeFiles/cmTC_fa532.dir/OpenMPTryFlag.cpp.o /tmp/ccRURgDC.s]
  ignore line: [GNU assembler version 2.33.1 (x86_64-pc-linux-gnu) using BFD version (GNU Binutils) 2.33.1]
  ignore line: [COMPILER_PATH=/usr/lib/gcc/x86_64-pc-linux-gnu/9.2.0/:/usr/lib/gcc/x86_64-pc-linux-gnu/9.2.0/:/usr/lib/gcc/x86_64-pc-linux-gnu/:/usr/lib/gcc/x86_64-pc-linux-gnu/9.2.0/:/usr/lib/gcc/x86_64-pc-linux-gnu/]
  ignore line: [LIBRARY_PATH=/opt/intel/compilers_and_libraries_2019.5.281/linux/mpi/intel64/libfabric/lib/../lib/:/usr/lib/gcc/x86_64-pc-linux-gnu/9.2.0/:/usr/lib/gcc/x86_64-pc-linux-gnu/9.2.0/../../../../lib/:/lib/../lib/:/usr/lib/../lib/:/opt/intel/compilers_and_libraries_2019.5.281/linux/mpi/intel64/libfabric/lib/:/opt/intel/compilers_and_libraries_2019.5.281/linux/ipp/lib/intel64/:/opt/intel/compilers_and_libraries_2019.5.281/linux/compiler/lib/intel64_lin/:/opt/intel/compilers_and_libraries_2019.5.281/linux/mkl/lib/intel64_lin/:/opt/intel/compilers_and_libraries_2019.5.281/linux/tbb/lib/intel64/gcc4.7/:/usr/lib/gcc/x86_64-pc-linux-gnu/9.2.0/../../../:/lib/:/usr/lib/]
  ignore line: [COLLECT_GCC_OPTIONS='-pthread' '-fopenmp' '-v' '-o' 'CMakeFiles/cmTC_fa532.dir/OpenMPTryFlag.cpp.o' '-c' '-shared-libgcc' '-mtune=generic' '-march=x86-64' '-pthread']
  ignore line: [Linking CXX executable cmTC_fa532]
  ignore line: [/opt/clion/bin/cmake/linux/bin/cmake -E cmake_link_script CMakeFiles/cmTC_fa532.dir/link.txt --verbose=1]
  ignore line: [/usr/bin/c++   -pthread -fopenmp -v    CMakeFiles/cmTC_fa532.dir/OpenMPTryFlag.cpp.o  -o cmTC_fa532 -v ]
  ignore line: [Using built-in specs.]
  ignore line: [COLLECT_GCC=/usr/bin/c++]
  ignore line: [COLLECT_LTO_WRAPPER=/usr/lib/gcc/x86_64-pc-linux-gnu/9.2.0/lto-wrapper]
  ignore line: [Target: x86_64-pc-linux-gnu]
  ignore line: [Configured with: /build/gcc/src/gcc/configure --prefix=/usr --libdir=/usr/lib --libexecdir=/usr/lib --mandir=/usr/share/man --infodir=/usr/share/info --with-bugurl=https://bugs.archlinux.org/ --enable-languages=c,c++,ada,fortran,go,lto,objc,obj-c++,d --enable-shared --enable-threads=posix --with-system-zlib --with-isl --enable-__cxa_atexit --disable-libunwind-exceptions --enable-clocale=gnu --disable-libstdcxx-pch --disable-libssp --enable-gnu-unique-object --enable-linker-build-id --enable-lto --enable-plugin --enable-install-libiberty --with-linker-hash-style=gnu --enable-gnu-indirect-function --enable-multilib --disable-werror --enable-checking=release --enable-default-pie --enable-default-ssp --enable-cet=auto gdc_include_dir=/usr/include/dlang/gdc]
  ignore line: [Thread model: posix]
  ignore line: [gcc version 9.2.0 (GCC) ]
  ignore line: [COMPILER_PATH=/usr/lib/gcc/x86_64-pc-linux-gnu/9.2.0/:/usr/lib/gcc/x86_64-pc-linux-gnu/9.2.0/:/usr/lib/gcc/x86_64-pc-linux-gnu/:/usr/lib/gcc/x86_64-pc-linux-gnu/9.2.0/:/usr/lib/gcc/x86_64-pc-linux-gnu/]
  ignore line: [LIBRARY_PATH=/opt/intel/compilers_and_libraries_2019.5.281/linux/mpi/intel64/libfabric/lib/../lib/:/usr/lib/gcc/x86_64-pc-linux-gnu/9.2.0/:/usr/lib/gcc/x86_64-pc-linux-gnu/9.2.0/../../../../lib/:/lib/../lib/:/usr/lib/../lib/:/opt/intel/compilers_and_libraries_2019.5.281/linux/mpi/intel64/libfabric/lib/:/opt/intel/compilers_and_libraries_2019.5.281/linux/ipp/lib/intel64/:/opt/intel/compilers_and_libraries_2019.5.281/linux/compiler/lib/intel64_lin/:/opt/intel/compilers_and_libraries_2019.5.281/linux/mkl/lib/intel64_lin/:/opt/intel/compilers_and_libraries_2019.5.281/linux/tbb/lib/intel64/gcc4.7/:/usr/lib/gcc/x86_64-pc-linux-gnu/9.2.0/../../../:/lib/:/usr/lib/]
  ignore line: [Reading specs from /usr/lib/gcc/x86_64-pc-linux-gnu/9.2.0/../../../../lib/libgomp.spec]
  ignore line: [COLLECT_GCC_OPTIONS='-pthread' '-fopenmp' '-v' '-o' 'cmTC_fa532' '-v' '-shared-libgcc' '-mtune=generic' '-march=x86-64' '-pthread']
  link line: [ /usr/lib/gcc/x86_64-pc-linux-gnu/9.2.0/collect2 -plugin /usr/lib/gcc/x86_64-pc-linux-gnu/9.2.0/liblto_plugin.so -plugin-opt=/usr/lib/gcc/x86_64-pc-linux-gnu/9.2.0/lto-wrapper -plugin-opt=-fresolution=/tmp/ccmUdu4W.res -plugin-opt=-pass-through=-lgcc_s -plugin-opt=-pass-through=-lgcc -plugin-opt=-pass-through=-lpthread -plugin-opt=-pass-through=-lc -plugin-opt=-pass-through=-lgcc_s -plugin-opt=-pass-through=-lgcc --build-id --eh-frame-hdr --hash-style=gnu -m elf_x86_64 -dynamic-linker /lib64/ld-linux-x86-64.so.2 -pie -o cmTC_fa532 /usr/lib/gcc/x86_64-pc-linux-gnu/9.2.0/../../../../lib/Scrt1.o /usr/lib/gcc/x86_64-pc-linux-gnu/9.2.0/../../../../lib/crti.o /usr/lib/gcc/x86_64-pc-linux-gnu/9.2.0/crtbeginS.o -L/opt/intel/compilers_and_libraries_2019.5.281/linux/mpi/intel64/libfabric/lib/../lib -L/usr/lib/gcc/x86_64-pc-linux-gnu/9.2.0 -L/usr/lib/gcc/x86_64-pc-linux-gnu/9.2.0/../../../../lib -L/lib/../lib -L/usr/lib/../lib -L/opt/intel/compilers_and_libraries_2019.5.281/linux/mpi/intel64/libfabric/lib -L/opt/intel/compilers_and_libraries_2019.5.281/linux/ipp/lib/intel64 -L/opt/intel/compilers_and_libraries_2019.5.281/linux/compiler/lib/intel64_lin -L/opt/intel/compilers_and_libraries_2019.5.281/linux/mkl/lib/intel64_lin -L/opt/intel/compilers_and_libraries_2019.5.281/linux/tbb/lib/intel64/gcc4.7 -L/usr/lib/gcc/x86_64-pc-linux-gnu/9.2.0/../../.. CMakeFiles/cmTC_fa532.dir/OpenMPTryFlag.cpp.o -lstdc++ -lm -lgomp -lgcc_s -lgcc -lpthread -lc -lgcc_s -lgcc /usr/lib/gcc/x86_64-pc-linux-gnu/9.2.0/crtendS.o /usr/lib/gcc/x86_64-pc-linux-gnu/9.2.0/../../../../lib/crtn.o]
    arg [/usr/lib/gcc/x86_64-pc-linux-gnu/9.2.0/collect2] ==> ignore
    arg [-plugin] ==> ignore
    arg [/usr/lib/gcc/x86_64-pc-linux-gnu/9.2.0/liblto_plugin.so] ==> ignore
    arg [-plugin-opt=/usr/lib/gcc/x86_64-pc-linux-gnu/9.2.0/lto-wrapper] ==> ignore
    arg [-plugin-opt=-fresolution=/tmp/ccmUdu4W.res] ==> ignore
    arg [-plugin-opt=-pass-through=-lgcc_s] ==> ignore
    arg [-plugin-opt=-pass-through=-lgcc] ==> ignore
    arg [-plugin-opt=-pass-through=-lpthread] ==> ignore
    arg [-plugin-opt=-pass-through=-lc] ==> ignore
    arg [-plugin-opt=-pass-through=-lgcc_s] ==> ignore
    arg [-plugin-opt=-pass-through=-lgcc] ==> ignore
    arg [--build-id] ==> ignore
    arg [--eh-frame-hdr] ==> ignore
    arg [--hash-style=gnu] ==> ignore
    arg [-m] ==> ignore
    arg [elf_x86_64] ==> ignore
    arg [-dynamic-linker] ==> ignore
    arg [/lib64/ld-linux-x86-64.so.2] ==> ignore
    arg [-pie] ==> ignore
    arg [-o] ==> ignore
    arg [cmTC_fa532] ==> ignore
    arg [/usr/lib/gcc/x86_64-pc-linux-gnu/9.2.0/../../../../lib/Scrt1.o] ==> ignore
    arg [/usr/lib/gcc/x86_64-pc-linux-gnu/9.2.0/../../../../lib/crti.o] ==> ignore
    arg [/usr/lib/gcc/x86_64-pc-linux-gnu/9.2.0/crtbeginS.o] ==> ignore
    arg [-L/opt/intel/compilers_and_libraries_2019.5.281/linux/mpi/intel64/libfabric/lib/../lib] ==> dir [/opt/intel/compilers_and_libraries_2019.5.281/linux/mpi/intel64/libfabric/lib/../lib]
    arg [-L/usr/lib/gcc/x86_64-pc-linux-gnu/9.2.0] ==> dir [/usr/lib/gcc/x86_64-pc-linux-gnu/9.2.0]
    arg [-L/usr/lib/gcc/x86_64-pc-linux-gnu/9.2.0/../../../../lib] ==> dir [/usr/lib/gcc/x86_64-pc-linux-gnu/9.2.0/../../../../lib]
    arg [-L/lib/../lib] ==> dir [/lib/../lib]
    arg [-L/usr/lib/../lib] ==> dir [/usr/lib/../lib]
    arg [-L/opt/intel/compilers_and_libraries_2019.5.281/linux/mpi/intel64/libfabric/lib] ==> dir [/opt/intel/compilers_and_libraries_2019.5.281/linux/mpi/intel64/libfabric/lib]
    arg [-L/opt/intel/compilers_and_libraries_2019.5.281/linux/ipp/lib/intel64] ==> dir [/opt/intel/compilers_and_libraries_2019.5.281/linux/ipp/lib/intel64]
    arg [-L/opt/intel/compilers_and_libraries_2019.5.281/linux/compiler/lib/intel64_lin] ==> dir [/opt/intel/compilers_and_libraries_2019.5.281/linux/compiler/lib/intel64_lin]
    arg [-L/opt/intel/compilers_and_libraries_2019.5.281/linux/mkl/lib/intel64_lin] ==> dir [/opt/intel/compilers_and_libraries_2019.5.281/linux/mkl/lib/intel64_lin]
    arg [-L/opt/intel/compilers_and_libraries_2019.5.281/linux/tbb/lib/intel64/gcc4.7] ==> dir [/opt/intel/compilers_and_libraries_2019.5.281/linux/tbb/lib/intel64/gcc4.7]
    arg [-L/usr/lib/gcc/x86_64-pc-linux-gnu/9.2.0/../../..] ==> dir [/usr/lib/gcc/x86_64-pc-linux-gnu/9.2.0/../../..]
    arg [CMakeFiles/cmTC_fa532.dir/OpenMPTryFlag.cpp.o] ==> ignore
    arg [-lstdc++] ==> lib [stdc++]
    arg [-lm] ==> lib [m]
    arg [-lgomp] ==> lib [gomp]
    arg [-lgcc_s] ==> lib [gcc_s]
    arg [-lgcc] ==> lib [gcc]
    arg [-lpthread] ==> lib [pthread]
    arg [-lc] ==> lib [c]
    arg [-lgcc_s] ==> lib [gcc_s]
    arg [-lgcc] ==> lib [gcc]
    arg [/usr/lib/gcc/x86_64-pc-linux-gnu/9.2.0/crtendS.o] ==> ignore
    arg [/usr/lib/gcc/x86_64-pc-linux-gnu/9.2.0/../../../../lib/crtn.o] ==> ignore
  collapse library dir [/opt/intel/compilers_and_libraries_2019.5.281/linux/mpi/intel64/libfabric/lib/../lib] ==> [/opt/intel/compilers_and_libraries_2019.5.281/linux/mpi/intel64/libfabric/lib]
  collapse library dir [/usr/lib/gcc/x86_64-pc-linux-gnu/9.2.0] ==> [/usr/lib/gcc/x86_64-pc-linux-gnu/9.2.0]
  collapse library dir [/usr/lib/gcc/x86_64-pc-linux-gnu/9.2.0/../../../../lib] ==> [/usr/lib]
  collapse library dir [/lib/../lib] ==> [/lib]
  collapse library dir [/usr/lib/../lib] ==> [/usr/lib]
  collapse library dir [/opt/intel/compilers_and_libraries_2019.5.281/linux/mpi/intel64/libfabric/lib] ==> [/opt/intel/compilers_and_libraries_2019.5.281/linux/mpi/intel64/libfabric/lib]
  collapse library dir [/opt/intel/compilers_and_libraries_2019.5.281/linux/ipp/lib/intel64] ==> [/opt/intel/compilers_and_libraries_2019.5.281/linux/ipp/lib/intel64]
  collapse library dir [/opt/intel/compilers_and_libraries_2019.5.281/linux/compiler/lib/intel64_lin] ==> [/opt/intel/compilers_and_libraries_2019.5.281/linux/compiler/lib/intel64_lin]
  collapse library dir [/opt/intel/compilers_and_libraries_2019.5.281/linux/mkl/lib/intel64_lin] ==> [/opt/intel/compilers_and_libraries_2019.5.281/linux/mkl/lib/intel64_lin]
  collapse library dir [/opt/intel/compilers_and_libraries_2019.5.281/linux/tbb/lib/intel64/gcc4.7] ==> [/opt/intel/compilers_and_libraries_2019.5.281/linux/tbb/lib/intel64/gcc4.7]
  collapse library dir [/usr/lib/gcc/x86_64-pc-linux-gnu/9.2.0/../../..] ==> [/usr/lib]
  implicit libs: [stdc++;m;gomp;gcc_s;gcc;pthread;c;gcc_s;gcc]
  implicit dirs: [/opt/intel/compilers_and_libraries_2019.5.281/linux/mpi/intel64/libfabric/lib;/usr/lib/gcc/x86_64-pc-linux-gnu/9.2.0;/usr/lib;/lib;/opt/intel/compilers_and_libraries_2019.5.281/linux/ipp/lib/intel64;/opt/intel/compilers_and_libraries_2019.5.281/linux/compiler/lib/intel64_lin;/opt/intel/compilers_and_libraries_2019.5.281/linux/mkl/lib/intel64_lin;/opt/intel/compilers_and_libraries_2019.5.281/linux/tbb/lib/intel64/gcc4.7]
  implicit fwks: []


